Warnings in file D:\Programs\Alchitry\Alchitry-labs\Workspace\LRUD\source\mojo_top.luc:
    Line 44, Column 6 : "current_pos" was never used
    Line 5, Column 4 : "cclk" was never used
    Line 7, Column 4 : "spi_ss" was never used
    Line 8, Column 4 : "spi_mosi" was never used
    Line 9, Column 4 : "spi_sck" was never used
    Line 11, Column 4 : "avr_tx" was never used
    Line 13, Column 4 : "avr_rx_busy" was never used
    Line 17, Column 4 : "io_button" was never used
    Line 39, Column 6 : "current_step" was never used
    Line 40, Column 6 : "map_0" was never used
    Line 41, Column 6 : "map_1" was never used
    Line 42, Column 6 : "reg_led" was never used
    Line 43, Column 6 : "answer_player" was never used
Warnings in file D:\Programs\Alchitry\Alchitry-labs\Workspace\LRUD\source\led_module.luc:
    Line 3, Column 4 : "rst" was never used
    Line 2, Column 4 : "clk" was never used
Warnings in file D:\Programs\Alchitry\Alchitry-labs\Workspace\LRUD\source\check_player_module.luc:
    Line 3, Column 4 : "rst" was never used
    Line 2, Column 4 : "clk" was never used
Errors in file D:\Programs\Alchitry\Alchitry-labs\Workspace\LRUD\source\move.luc:
    Line 10, Column 14 : The name "num_to_seg" could not be resolved
    Line 6, Column 2 : The module "decoder" could not be found
    Line 9, Column 4 : The name "num_to_seg" could not be resolved
Warnings in file D:\Programs\Alchitry\Alchitry-labs\Workspace\LRUD\source\convert_to_alu.luc:
    Line 3, Column 4 : "rst" was never used
    Line 2, Column 4 : "clk" was never used
Warnings in file D:\Programs\Alchitry\Alchitry-labs\Workspace\LRUD\source\button_module.luc:
    Line 4, Column 4 : "a" was never used
    Line 2, Column 4 : "clk" was never used
    Line 3, Column 4 : "rst" was never used
Warnings in file D:\Programs\Alchitry\Alchitry-labs\Workspace\LRUD\source\alu.luc:
    Line 3, Column 4 : "rst" was never used
    Line 2, Column 4 : "clk" was never used
Warnings in file D:\Programs\Alchitry\Alchitry-labs\Workspace\LRUD\source\check_step_module.luc:
    Line 3, Column 4 : "rst" was never used
    Line 2, Column 4 : "clk" was never used
Warnings in file D:\Programs\Alchitry\Alchitry-labs\Workspace\LRUD\source\regfile.luc:
    Line 3, Column 4 : "rst" was never used
    Line 2, Column 4 : "clk" was never used
Warnings in file D:\Programs\Alchitry\Alchitry-labs\Workspace\LRUD\source\answer_key_module.luc:
    Line 3, Column 4 : "rst" was never used
    Line 2, Column 4 : "clk" was never used
